<?xml version="1.0" encoding="UTF-8"?>
<!-- Generated by org.testng.reporters.JUnitReportReporter -->
<testsuite hostname="LAPTOP-T1V1CBN5" failures="0" tests="7" name="myTestCaseSauceDemo.MainTestCases" time="1.319" errors="0" timestamp="2025-01-01T18:53:56 AST" skipped="4">
  <testcase classname="myTestCaseSauceDemo.MainTestCases" name="Login" time="0.435"/>
  <system-out/>
  <testcase classname="myTestCaseSauceDemo.MainTestCases" name="AddRandomItem" time="0.086"/>
  <system-out/>
  <testcase classname="myTestCaseSauceDemo.MainTestCases" name="CheckOutProcess" time="0.798"/>
  <system-out/>
  <testcase classname="myTestCaseSauceDemo.MainTestCases" name="AddItemThatStartWithSauce">
    <skipped/>
  </testcase> <!-- AddItemThatStartWithSauce -->
  <system-out/>
  <testcase classname="myTestCaseSauceDemo.MainTestCases" name="AddCartinNamberOfItem">
    <skipped/>
  </testcase> <!-- AddCartinNamberOfItem -->
  <system-out/>
  <testcase classname="myTestCaseSauceDemo.MainTestCases" name="AddAllAtems">
    <skipped/>
  </testcase> <!-- AddAllAtems -->
  <system-out/>
  <testcase classname="myTestCaseSauceDemo.MainTestCases" name="AddOnlyOntherightOrLeft">
    <skipped/>
  </testcase> <!-- AddOnlyOntherightOrLeft -->
  <system-out/>
</testsuite> <!-- myTestCaseSauceDemo.MainTestCases -->
